<?xml version="1.0" encoding="UTF-8"?>
<testng-results ignored="0" total="2" passed="2" failed="0" skipped="0">
  <reporter-output>
  </reporter-output>
  <suite started-at="2023-04-11T17:20:57 IST" name="Default suite" finished-at="2023-04-11T17:21:32 IST" duration-ms="35261">
    <groups>
    </groups>
    <test started-at="2023-04-11T17:20:57 IST" name="Default test" finished-at="2023-04-11T17:21:32 IST" duration-ms="35261">
      <class name="com.bridgelabz.qa.test.LoginPageTest">
        <test-method is-config="true" signature="setUp()[pri:0, instance:com.bridgelabz.qa.test.LoginPageTest@514646ef]" started-at="2023-04-11T17:20:57 IST" name="setUp" finished-at="2023-04-11T17:21:22 IST" duration-ms="25082" status="PASS">
          <reporter-output>
          </reporter-output>
        </test-method> <!-- setUp -->
        <test-method signature="loginPageTitleTest()[pri:1, instance:com.bridgelabz.qa.test.LoginPageTest@514646ef]" started-at="2023-04-11T17:21:22 IST" name="loginPageTitleTest" finished-at="2023-04-11T17:21:22 IST" duration-ms="80" status="PASS">
          <reporter-output>
          </reporter-output>
        </test-method> <!-- loginPageTitleTest -->
        <test-method is-config="true" signature="setUp()[pri:0, instance:com.bridgelabz.qa.test.LoginPageTest@514646ef]" started-at="2023-04-11T17:21:22 IST" name="setUp" finished-at="2023-04-11T17:21:32 IST" duration-ms="9160" status="PASS">
          <reporter-output>
          </reporter-output>
        </test-method> <!-- setUp -->
        <test-method signature="loginTest()[pri:2, instance:com.bridgelabz.qa.test.LoginPageTest@514646ef]" started-at="2023-04-11T17:21:32 IST" name="loginTest" finished-at="2023-04-11T17:21:32 IST" duration-ms="696" status="PASS">
          <reporter-output>
          </reporter-output>
        </test-method> <!-- loginTest -->
      </class> <!-- com.bridgelabz.qa.test.LoginPageTest -->
    </test> <!-- Default test -->
  </suite> <!-- Default suite -->
</testng-results>
